[debug] [2024-04-04T02:56:44.793Z] ----------------------------------------------------------------------
[debug] [2024-04-04T02:56:44.794Z] Command:       /opt/homebrew/Cellar/node/21.7.1/bin/node /opt/homebrew/bin/firebase init hosting
[debug] [2024-04-04T02:56:44.794Z] CLI Version:   13.6.1
[debug] [2024-04-04T02:56:44.794Z] Platform:      darwin
[debug] [2024-04-04T02:56:44.794Z] Node Version:  v21.7.1
[debug] [2024-04-04T02:56:44.794Z] Time:          Wed Apr 03 2024 19:56:44 GMT-0700 (Pacific Daylight Time)
[debug] [2024-04-04T02:56:44.795Z] ----------------------------------------------------------------------
[debug] 
[debug] [2024-04-04T02:56:44.798Z] > command requires scopes: ["email","openid","https://www.googleapis.com/auth/cloudplatformprojects.readonly","https://www.googleapis.com/auth/firebase","https://www.googleapis.com/auth/cloud-platform"]
[debug] [2024-04-04T02:56:44.799Z] > authorizing via signed-in user (pkeshavarz65@gmail.com)
[info] 
     ######## #### ########  ######## ########     ###     ######  ########
     ##        ##  ##     ## ##       ##     ##  ##   ##  ##       ##
     ######    ##  ########  ######   ########  #########  ######  ######
     ##        ##  ##    ##  ##       ##     ## ##     ##       ## ##
     ##       #### ##     ## ######## ########  ##     ##  ######  ########

You're about to initialize a Firebase project in this directory:

  /Users/pegahkeshavarz/splitwise

[info] 
=== Project Setup
[info] 
[info] First, let's associate this project directory with a Firebase project.
[info] You can create multiple project aliases by running firebase use --add, 
[info] but for now we'll just set up a default project.
[info] 
[debug] [2024-04-04T02:56:49.755Z] >>> [apiv2][query] GET https://firebase.googleapis.com/v1beta1/projects pageSize=100
[debug] [2024-04-04T02:56:50.249Z] <<< [apiv2][status] GET https://firebase.googleapis.com/v1beta1/projects 200
[debug] [2024-04-04T02:56:50.249Z] <<< [apiv2][body] GET https://firebase.googleapis.com/v1beta1/projects [omitted]
[info] i  Using project splitwise-db6f6 (splitwise) 
[info] 
=== Hosting Setup
[debug] [2024-04-04T02:56:53.370Z] >>> [apiv2][query] GET https://firebase.googleapis.com/v1beta1/projects/splitwise-db6f6 [none]
[debug] [2024-04-04T02:56:53.742Z] <<< [apiv2][status] GET https://firebase.googleapis.com/v1beta1/projects/splitwise-db6f6 200
[debug] [2024-04-04T02:56:53.743Z] <<< [apiv2][body] GET https://firebase.googleapis.com/v1beta1/projects/splitwise-db6f6 {"projectId":"splitwise-db6f6","projectNumber":"1015439468184","displayName":"splitwise","name":"projects/splitwise-db6f6","resources":{"hostingSite":"splitwise-db6f6","storageBucket":"splitwise-db6f6.appspot.com","locationId":"us-central"},"state":"ACTIVE","etag":"1_0b731c7e-af5d-40a9-9af4-a5c5bd6e681e"}
[info] 
[info] Your public directory is the folder (relative to your project directory) that
[info] will contain Hosting assets to be uploaded with firebase deploy. If you
[info] have a build process for your assets, use your build's output directory.
[info] 
[debug] [2024-04-04T02:57:23.011Z] >>> [apiv2][query] GET https://www.gstatic.com/firebasejs/releases.json [none]
[debug] [2024-04-04T02:57:23.295Z] <<< [apiv2][status] GET https://www.gstatic.com/firebasejs/releases.json 200
[debug] [2024-04-04T02:57:23.295Z] <<< [apiv2][body] GET https://www.gstatic.com/firebasejs/releases.json {"current":{"version":"10.10.0","browserURL":"https://www.gstatic.com/firebasejs/10.10.0/firebase.js","packageURL":"https://www.gstatic.com/firebasejs/10.10.0/firebase.tgz"},"live":{"version":"10.10","browserURL":"https://www.gstatic.com/firebasejs/live/10.10/firebase.js","packageURL":"https://www.gstatic.com/firebasejs/live/10.10/firebase.tgz"},"components":{"analytics":"https://www.gstatic.com/firebasejs/10.10.0/firebase-analytics.js","app":"https://www.gstatic.com/firebasejs/10.10.0/firebase-app.js","app-check":"https://www.gstatic.com/firebasejs/10.10.0/firebase-app-check.js","auth":"https://www.gstatic.com/firebasejs/10.10.0/firebase-auth.js","auth/cordova":"https://www.gstatic.com/firebasejs/10.10.0/firebase-auth/cordova.js","auth/web-extension":"https://www.gstatic.com/firebasejs/10.10.0/firebase-auth/web-extension.js","functions":"https://www.gstatic.com/firebasejs/10.10.0/firebase-functions.js","firestore":"https://www.gstatic.com/firebasejs/10.10.0/firebase-firestore.js","firestore/lite":"https://www.gstatic.com/firebasejs/10.10.0/firebase-firestore/lite.js","installations":"https://www.gstatic.com/firebasejs/10.10.0/firebase-installations.js","storage":"https://www.gstatic.com/firebasejs/10.10.0/firebase-storage.js","performance":"https://www.gstatic.com/firebasejs/10.10.0/firebase-performance.js","remote-config":"https://www.gstatic.com/firebasejs/10.10.0/firebase-remote-config.js","messaging":"https://www.gstatic.com/firebasejs/10.10.0/firebase-messaging.js","messaging/sw":"https://www.gstatic.com/firebasejs/10.10.0/firebase-messaging/sw.js","database":"https://www.gstatic.com/firebasejs/10.10.0/firebase-database.js","firestore.memory":"https://www.gstatic.com/firebasejs/10.10.0/firebase-firestore.memory.js"}}
[info] i  Skipping write of public/index.html 
[info] 
[info] i  Detected a .git folder at /Users/pegahkeshavarz/splitwise 
[info] i  Authorizing with GitHub to upload your service account to a GitHub repository's secrets store. 
[info] 
[info] Visit this URL on this device to log in:
[info] https://github.com/login/oauth/authorize?client_id=89cf50f02ac6aaed3484&state=94318823&redirect_uri=http%3A%2F%2Flocalhost%3A9005&scope=read%3Auser%20repo%20public_repo
[info] 
[info] Waiting for authentication...
[debug] [2024-04-04T02:57:38.488Z] >>> [apiv2][query] POST https://github.com/login/oauth/access_token [none]
[debug] [2024-04-04T02:57:38.488Z] >>> [apiv2][body] POST https://github.com/login/oauth/access_token [stream]
[debug] [2024-04-04T02:57:38.875Z] <<< [apiv2][status] POST https://github.com/login/oauth/access_token 200
[debug] [2024-04-04T02:57:38.875Z] <<< [apiv2][body] POST https://github.com/login/oauth/access_token {"access_token":"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","token_type":"bearer","scope":"read:user,repo"}
[debug] [2024-04-04T02:57:38.888Z] >>> [apiv2][query] GET https://api.github.com/user [none]
[debug] [2024-04-04T02:57:39.300Z] <<< [apiv2][status] GET https://api.github.com/user 200
[debug] [2024-04-04T02:57:39.301Z] <<< [apiv2][body] GET https://api.github.com/user {"login":"Pegahkeshavarz","id":15253917,"node_id":"MDQ6VXNlcjE1MjUzOTE3","avatar_url":"https://avatars.githubusercontent.com/u/15253917?v=4","gravatar_id":"","url":"https://api.github.com/users/Pegahkeshavarz","html_url":"https://github.com/Pegahkeshavarz","followers_url":"https://api.github.com/users/Pegahkeshavarz/followers","following_url":"https://api.github.com/users/Pegahkeshavarz/following{/other_user}","gists_url":"https://api.github.com/users/Pegahkeshavarz/gists{/gist_id}","starred_url":"https://api.github.com/users/Pegahkeshavarz/starred{/owner}{/repo}","subscriptions_url":"https://api.github.com/users/Pegahkeshavarz/subscriptions","organizations_url":"https://api.github.com/users/Pegahkeshavarz/orgs","repos_url":"https://api.github.com/users/Pegahkeshavarz/repos","events_url":"https://api.github.com/users/Pegahkeshavarz/events{/privacy}","received_events_url":"https://api.github.com/users/Pegahkeshavarz/received_events","type":"User","site_admin":false,"name":"pegah keshavarz","company":null,"blog":"","location":"San Francisco, Bay area","email":null,"hireable":null,"bio":"Full-stack engineer","twitter_username":null,"public_repos":28,"public_gists":1,"followers":9,"following":3,"created_at":"2015-10-22T19:38:26Z","updated_at":"2024-02-02T18:47:29Z","private_gists":5,"total_private_repos":0,"owned_private_repos":0,"disk_usage":121547,"collaborators":0,"two_factor_authentication":true,"plan":{"name":"free","space":976562499,"collaborators":0,"private_repos":10000}}
[info] 
[info] ✔  Success! Logged into GitHub as Pegahkeshavarz 
[info] 
